Copyright 1986-2018 Xilinx, Inc. All Rights Reserved.
------------------------------------------------------------------------------------
| Tool Version : Vivado v.2018.3 (lin64) Build 2405991 Thu Dec  6 23:36:41 MST 2018
| Date         : Wed Feb 16 20:56:16 2022
| Host         : aidin-HP-Laptop-15-bs1xx running 64-bit Ubuntu 21.10
| Command      : report_clock_utilization -file top_clock_utilization_routed.rpt
| Design       : top
| Device       : 7a100t-csg324
| Speed File   : -1  PRODUCTION 1.23 2018-06-13
------------------------------------------------------------------------------------

Clock Utilization Report

Table of Contents
-----------------
1. Clock Primitive Utilization
2. Global Clock Resources
3. Global Clock Source Details
4. Clock Regions: Key Resource Utilization
5. Clock Regions : Global Clock Summary
6. Device Cell Placement Summary for Global Clock g0
7. Device Cell Placement Summary for Global Clock g1
8. Device Cell Placement Summary for Global Clock g2
9. Clock Region Cell Placement per Global Clock: Region X0Y1
10. Clock Region Cell Placement per Global Clock: Region X0Y2
11. Clock Region Cell Placement per Global Clock: Region X1Y2

1. Clock Primitive Utilization
------------------------------

+----------+------+-----------+-----+--------------+--------+
| Type     | Used | Available | LOC | Clock Region | Pblock |
+----------+------+-----------+-----+--------------+--------+
| BUFGCTRL |    3 |        32 |   0 |            0 |      0 |
| BUFH     |    0 |        96 |   0 |            0 |      0 |
| BUFIO    |    0 |        24 |   0 |            0 |      0 |
| BUFMR    |    0 |        12 |   0 |            0 |      0 |
| BUFR     |    0 |        24 |   0 |            0 |      0 |
| MMCM     |    0 |         6 |   0 |            0 |      0 |
| PLL      |    1 |         6 |   0 |            0 |      0 |
+----------+------+-----------+-----+--------------+--------+


2. Global Clock Resources
-------------------------

+-----------+-----------+-----------------+------------+----------------+--------------+-------------------+-------------+-----------------+--------------+--------------------+------------------------------+---------------------------------------+
| Global Id | Source Id | Driver Type/Pin | Constraint | Site           | Clock Region | Load Clock Region | Clock Loads | Non-Clock Loads | Clock Period | Clock              | Driver Pin                   | Net                                   |
+-----------+-----------+-----------------+------------+----------------+--------------+-------------------+-------------+-----------------+--------------+--------------------+------------------------------+---------------------------------------+
| g0        | src0      | BUFG/O          | None       | BUFGCTRL_X0Y0  | n/a          |                 2 |        1296 |               2 |              |                    | ws_OBUF_BUFG[0]_inst/O       | ws_OBUF_BUFG[0]                       |
| g1        | src1      | BUFG/O          | None       | BUFGCTRL_X0Y16 | n/a          |                 2 |         211 |               2 |       88.571 | clk_out1_clk_wiz_0 | i2s_clock/inst/clkout1_buf/O | i2s_clock/inst/clk_out1               |
| g2        | src1      | BUFG/O          | None       | BUFGCTRL_X0Y17 | n/a          |                 1 |           1 |               0 |       20.000 | clkfbout_clk_wiz_0 | i2s_clock/inst/clkf_buf/O    | i2s_clock/inst/clkfbout_buf_clk_wiz_0 |
+-----------+-----------+-----------------+------------+----------------+--------------+-------------------+-------------+-----------------+--------------+--------------------+------------------------------+---------------------------------------+
* Clock Loads column represents the clock pin loads (pin count)
** Non-Clock Loads column represents the non-clock pin loads (pin count)


3. Global Clock Source Details
------------------------------

+-----------+-----------+--------------------+------------+----------------+--------------+-------------+-----------------+---------------------+--------------------+----------------------------------------+-----------------------------------+
| Source Id | Global Id | Driver Type/Pin    | Constraint | Site           | Clock Region | Clock Loads | Non-Clock Loads | Source Clock Period | Source Clock       | Driver Pin                             | Net                               |
+-----------+-----------+--------------------+------------+----------------+--------------+-------------+-----------------+---------------------+--------------------+----------------------------------------+-----------------------------------+
| src0      | g0        | FDCE/Q             | None       | SLICE_X8Y102   | X0Y2         |           1 |               6 |                     |                    | i2s_transceiver_0/ws_int_reg/Q         | i2s_transceiver_0/ws_OBUF[0]      |
| src1      | g1        | PLLE2_ADV/CLKOUT0  | None       | PLLE2_ADV_X1Y2 | X1Y2         |           1 |               0 |              88.571 | clk_out1_clk_wiz_0 | i2s_clock/inst/plle2_adv_inst/CLKOUT0  | i2s_clock/inst/clk_out1_clk_wiz_0 |
| src1      | g2        | PLLE2_ADV/CLKFBOUT | None       | PLLE2_ADV_X1Y2 | X1Y2         |           1 |               0 |              20.000 | clkfbout_clk_wiz_0 | i2s_clock/inst/plle2_adv_inst/CLKFBOUT | i2s_clock/inst/clkfbout_clk_wiz_0 |
+-----------+-----------+--------------------+------------+----------------+--------------+-------------+-----------------+---------------------+--------------------+----------------------------------------+-----------------------------------+
* Clock Loads column represents the clock pin loads (pin count)
** Non-Clock Loads column represents the non-clock pin loads (pin count)


4. Clock Regions: Key Resource Utilization
------------------------------------------

+-------------------+--------------+--------------+--------------+--------------+--------------+--------------+--------------+--------------+--------------+--------------+--------------+--------------+--------------+--------------+--------------+
|                   | Global Clock |     BUFRs    |    BUFMRs    |    BUFIOs    |     MMCM     |      PLL     |      GT      |      PCI     |    ILOGIC    |    OLOGIC    |      FF      |     LUTM     |    RAMB18    |    RAMB36    |    DSP48E2   |
+-------------------+------+-------+------+-------+------+-------+------+-------+------+-------+------+-------+------+-------+------+-------+------+-------+------+-------+------+-------+------+-------+------+-------+------+-------+------+-------+
| Clock Region Name | Used | Avail | Used | Avail | Used | Avail | Used | Avail | Used | Avail | Used | Avail | Used | Avail | Used | Avail | Used | Avail | Used | Avail | Used | Avail | Used | Avail | Used | Avail | Used | Avail | Used | Avail |
+-------------------+------+-------+------+-------+------+-------+------+-------+------+-------+------+-------+------+-------+------+-------+------+-------+------+-------+------+-------+------+-------+------+-------+------+-------+------+-------+
| X0Y0              |    0 |    12 |    0 |     4 |    0 |     2 |    0 |     4 |    0 |     1 |    0 |     1 |    0 |     0 |    0 |     0 |    0 |    50 |    0 |    50 |    0 |  2600 |    0 |   600 |    0 |    20 |    0 |    10 |    0 |    20 |
| X1Y0              |    0 |    12 |    0 |     0 |    0 |     0 |    0 |     0 |    0 |     0 |    0 |     0 |    0 |     4 |    0 |     0 |    0 |     0 |    0 |     0 |    0 |  1500 |    0 |   550 |    0 |    40 |    0 |    20 |    0 |    40 |
| X0Y1              |    2 |    12 |    0 |     4 |    0 |     2 |    0 |     4 |    0 |     1 |    0 |     1 |    0 |     0 |    0 |     0 |    0 |    50 |    0 |    50 | 1369 |  2000 |  452 |   600 |    0 |    20 |    0 |    10 |    2 |    20 |
| X1Y1              |    0 |    12 |    0 |     4 |    0 |     2 |    0 |     4 |    0 |     1 |    0 |     1 |    0 |     0 |    0 |     0 |    0 |    50 |    0 |    50 |    0 |  1900 |    0 |   650 |    0 |    60 |    0 |    30 |    0 |    40 |
| X0Y2              |    2 |    12 |    0 |     4 |    0 |     2 |    0 |     4 |    0 |     1 |    0 |     1 |    0 |     0 |    0 |     0 |    0 |    50 |    0 |    50 |  136 |  2000 |   42 |   600 |    0 |    20 |    0 |    10 |    0 |    20 |
| X1Y2              |    1 |    12 |    0 |     4 |    0 |     2 |    0 |     4 |    0 |     1 |    1 |     1 |    0 |     0 |    0 |     0 |    0 |    50 |    0 |    50 |    0 |  1900 |    0 |   650 |    0 |    60 |    0 |    30 |    0 |    40 |
| X0Y3              |    0 |    12 |    0 |     4 |    0 |     2 |    0 |     4 |    0 |     1 |    0 |     1 |    0 |     0 |    0 |     0 |    0 |    50 |    0 |    50 |    0 |  2600 |    0 |   600 |    0 |    20 |    0 |    10 |    0 |    20 |
| X1Y3              |    0 |    12 |    0 |     0 |    0 |     0 |    0 |     0 |    0 |     0 |    0 |     0 |    0 |     4 |    0 |     1 |    0 |     0 |    0 |     0 |    0 |  1350 |    0 |   500 |    0 |    30 |    0 |    15 |    0 |    40 |
+-------------------+------+-------+------+-------+------+-------+------+-------+------+-------+------+-------+------+-------+------+-------+------+-------+------+-------+------+-------+------+-------+------+-------+------+-------+------+-------+
* Global Clock column represents track count; while other columns represents cell counts


5. Clock Regions : Global Clock Summary
---------------------------------------

All Modules
+----+----+----+
|    | X0 | X1 |
+----+----+----+
| Y3 |  0 |  0 |
| Y2 |  2 |  1 |
| Y1 |  2 |  0 |
| Y0 |  0 |  0 |
+----+----+----+


6. Device Cell Placement Summary for Global Clock g0
----------------------------------------------------

+-----------+-----------------+-------------------+-------+-------------+---------------+-------------+----------+----------------+----------+-----------------+
| Global Id | Driver Type/Pin | Driver Region (D) | Clock | Period (ns) | Waveform (ns) | Slice Loads | IO Loads | Clocking Loads | GT Loads | Net             |
+-----------+-----------------+-------------------+-------+-------------+---------------+-------------+----------+----------------+----------+-----------------+
| g0        | BUFG/O          | n/a               |       |             |               |        1296 |        2 |              0 |        0 | ws_OBUF_BUFG[0] |
+-----------+-----------------+-------------------+-------+-------------+---------------+-------------+----------+----------------+----------+-----------------+
* Logic Loads column represents load cell count of all cell types other than IO, GT and clock resources
** IO Loads column represents load cell count of IO types
*** Clocking Loads column represents load cell count that are clock resources (global clock buffer, MMCM, PLL, etc)
**** GT Loads column represents load cell count of GT types


+----+-------+----+
|    | X0    | X1 |
+----+-------+----+
| Y3 |     0 |  0 |
| Y2 |    56 |  0 |
| Y1 |  1242 |  0 |
| Y0 |     0 |  0 |
+----+-------+----+


7. Device Cell Placement Summary for Global Clock g1
----------------------------------------------------

+-----------+-----------------+-------------------+--------------------+-------------+----------------+-------------+----------+----------------+----------+-------------------------+
| Global Id | Driver Type/Pin | Driver Region (D) | Clock              | Period (ns) | Waveform (ns)  | Slice Loads | IO Loads | Clocking Loads | GT Loads | Net                     |
+-----------+-----------------+-------------------+--------------------+-------------+----------------+-------------+----------+----------------+----------+-------------------------+
| g1        | BUFG/O          | n/a               | clk_out1_clk_wiz_0 |      88.571 | {0.000 44.286} |         211 |        2 |              0 |        0 | i2s_clock/inst/clk_out1 |
+-----------+-----------------+-------------------+--------------------+-------------+----------------+-------------+----------+----------------+----------+-------------------------+
* Logic Loads column represents load cell count of all cell types other than IO, GT and clock resources
** IO Loads column represents load cell count of IO types
*** Clocking Loads column represents load cell count that are clock resources (global clock buffer, MMCM, PLL, etc)
**** GT Loads column represents load cell count of GT types


+----+------+----+
|    | X0   | X1 |
+----+------+----+
| Y3 |    0 |  0 |
| Y2 |   84 |  0 |
| Y1 |  129 |  0 |
| Y0 |    0 |  0 |
+----+------+----+


8. Device Cell Placement Summary for Global Clock g2
----------------------------------------------------

+-----------+-----------------+-------------------+--------------------+-------------+----------------+-------------+----------+----------------+----------+---------------------------------------+
| Global Id | Driver Type/Pin | Driver Region (D) | Clock              | Period (ns) | Waveform (ns)  | Slice Loads | IO Loads | Clocking Loads | GT Loads | Net                                   |
+-----------+-----------------+-------------------+--------------------+-------------+----------------+-------------+----------+----------------+----------+---------------------------------------+
| g2        | BUFG/O          | n/a               | clkfbout_clk_wiz_0 |      20.000 | {0.000 10.000} |           0 |        0 |              1 |        0 | i2s_clock/inst/clkfbout_buf_clk_wiz_0 |
+-----------+-----------------+-------------------+--------------------+-------------+----------------+-------------+----------+----------------+----------+---------------------------------------+
* Logic Loads column represents load cell count of all cell types other than IO, GT and clock resources
** IO Loads column represents load cell count of IO types
*** Clocking Loads column represents load cell count that are clock resources (global clock buffer, MMCM, PLL, etc)
**** GT Loads column represents load cell count of GT types


+----+----+----+
|    | X0 | X1 |
+----+----+----+
| Y3 |  0 |  0 |
| Y2 |  0 |  1 |
| Y1 |  0 |  0 |
| Y0 |  0 |  0 |
+----+----+----+


9. Clock Region Cell Placement per Global Clock: Region X0Y1
------------------------------------------------------------

+-----------+-------+-----------------+------------+-------------+-----------------+------+--------+------+-----+----+------+-----+---------+-------------------------+
| Global Id | Track | Driver Type/Pin | Constraint | Clock Loads | Non-Clock Loads | FF   | LUTRAM | RAMB | DSP | GT | MMCM | PLL | Hard IP | Net                     |
+-----------+-------+-----------------+------------+-------------+-----------------+------+--------+------+-----+----+------+-----+---------+-------------------------+
| g0        | n/a   | BUFG/O          | None       |        1242 |               0 | 1240 |      0 |    0 |   2 |  0 |    0 |   0 |       0 | ws_OBUF_BUFG[0]         |
| g1        | n/a   | BUFG/O          | None       |         129 |               0 |  129 |      0 |    0 |   0 |  0 |    0 |   0 |       0 | i2s_clock/inst/clk_out1 |
+-----------+-------+-----------------+------------+-------------+-----------------+------+--------+------+-----+----+------+-----+---------+-------------------------+
* Clock Loads column represents the clock pin loads (pin count)
** Non-Clock Loads column represents the non-clock pin loads (pin count)
*** Columns FF, LUTRAM, RAMB through 'Hard IP' represents load cell counts


10. Clock Region Cell Placement per Global Clock: Region X0Y2
-------------------------------------------------------------

+-----------+-------+-----------------+------------+-------------+-----------------+----+--------+------+-----+----+------+-----+---------+-------------------------+
| Global Id | Track | Driver Type/Pin | Constraint | Clock Loads | Non-Clock Loads | FF | LUTRAM | RAMB | DSP | GT | MMCM | PLL | Hard IP | Net                     |
+-----------+-------+-----------------+------------+-------------+-----------------+----+--------+------+-----+----+------+-----+---------+-------------------------+
| g0        | n/a   | BUFG/O          | None       |          54 |               2 | 54 |      0 |    0 |   0 |  0 |    0 |   0 |       0 | ws_OBUF_BUFG[0]         |
| g1        | n/a   | BUFG/O          | None       |          82 |               2 | 82 |      0 |    0 |   0 |  0 |    0 |   0 |       0 | i2s_clock/inst/clk_out1 |
+-----------+-------+-----------------+------------+-------------+-----------------+----+--------+------+-----+----+------+-----+---------+-------------------------+
* Clock Loads column represents the clock pin loads (pin count)
** Non-Clock Loads column represents the non-clock pin loads (pin count)
*** Columns FF, LUTRAM, RAMB through 'Hard IP' represents load cell counts


11. Clock Region Cell Placement per Global Clock: Region X1Y2
-------------------------------------------------------------

+-----------+-------+-----------------+------------+-------------+-----------------+----+--------+------+-----+----+------+-----+---------+---------------------------------------+
| Global Id | Track | Driver Type/Pin | Constraint | Clock Loads | Non-Clock Loads | FF | LUTRAM | RAMB | DSP | GT | MMCM | PLL | Hard IP | Net                                   |
+-----------+-------+-----------------+------------+-------------+-----------------+----+--------+------+-----+----+------+-----+---------+---------------------------------------+
| g2        | n/a   | BUFG/O          | None       |           1 |               0 |  0 |      0 |    0 |   0 |  0 |    0 |   1 |       0 | i2s_clock/inst/clkfbout_buf_clk_wiz_0 |
+-----------+-------+-----------------+------------+-------------+-----------------+----+--------+------+-----+----+------+-----+---------+---------------------------------------+
* Clock Loads column represents the clock pin loads (pin count)
** Non-Clock Loads column represents the non-clock pin loads (pin count)
*** Columns FF, LUTRAM, RAMB through 'Hard IP' represents load cell counts



# Location of BUFG Primitives 
set_property LOC BUFGCTRL_X0Y0 [get_cells ws_OBUF_BUFG[0]_inst]
set_property LOC BUFGCTRL_X0Y17 [get_cells i2s_clock/inst/clkf_buf]
set_property LOC BUFGCTRL_X0Y16 [get_cells i2s_clock/inst/clkout1_buf]

# Location of IO Primitives which is load of clock spine
set_property LOC IOB_X0Y103 [get_cells ws_OBUF[1]_inst]
set_property LOC IOB_X0Y127 [get_cells ws_OBUF[0]_inst]
set_property LOC IOB_X0Y104 [get_cells mclk_OBUF[1]_inst]
set_property LOC IOB_X0Y128 [get_cells mclk_OBUF[0]_inst]

# Location of clock ports
set_property LOC IOB_X1Y126 [get_ports CLK100MHZ]

# Clock net "ws_OBUF_BUFG[0]" driven by instance "ws_OBUF_BUFG[0]_inst" located at site "BUFGCTRL_X0Y0"
#startgroup
create_pblock {CLKAG_ws_OBUF_BUFG[0]}
add_cells_to_pblock [get_pblocks  {CLKAG_ws_OBUF_BUFG[0]}] [get_cells -filter { PRIMITIVE_GROUP != I/O && IS_PRIMITIVE==1 && PRIMITIVE_LEVEL !=INTERNAL && NAME!=ws_OBUF[1]_inst && NAME!=ws_OBUF[0]_inst} -of_object [get_pins -filter {DIRECTION==IN} -of_objects [get_nets -hierarchical -filter {PARENT=="ws_OBUF_BUFG[0]"}]]]
resize_pblock [get_pblocks {CLKAG_ws_OBUF_BUFG[0]}] -add {CLOCKREGION_X0Y1:CLOCKREGION_X0Y1 CLOCKREGION_X0Y2:CLOCKREGION_X0Y2}
#endgroup

# Clock net "i2s_clock/inst/clk_out1" driven by instance "i2s_clock/inst/clkout1_buf" located at site "BUFGCTRL_X0Y16"
#startgroup
create_pblock {CLKAG_i2s_clock/inst/clk_out1}
add_cells_to_pblock [get_pblocks  {CLKAG_i2s_clock/inst/clk_out1}] [get_cells -filter { PRIMITIVE_GROUP != I/O && IS_PRIMITIVE==1 && PRIMITIVE_LEVEL !=INTERNAL && NAME!=mclk_OBUF[1]_inst && NAME!=mclk_OBUF[0]_inst} -of_object [get_pins -filter {DIRECTION==IN} -of_objects [get_nets -hierarchical -filter {PARENT=="i2s_clock/inst/clk_out1"}]]]
resize_pblock [get_pblocks {CLKAG_i2s_clock/inst/clk_out1}] -add {CLOCKREGION_X0Y1:CLOCKREGION_X0Y1 CLOCKREGION_X0Y2:CLOCKREGION_X0Y2}
#endgroup
