Vivado Simulator 2018.3
Copyright 1986-1999, 2001-2018 Xilinx, Inc. All Rights Reserved.
Running: /home/aidin/Documents/Programmi/XilinxVivado/Vivado/2018.3/bin/unwrapped/lnx64.o/xelab -wto c1572cf134f94771a330c7d8862a9166 --incr --debug typical --relax --mt 8 --maxdelay -L xil_defaultlib -L simprims_ver -L secureip --snapshot tb_top_time_impl -transport_int_delays -pulse_r 0 -pulse_int_r 0 -pulse_e 0 -pulse_int_e 0 xil_defaultlib.tb_top xil_defaultlib.glbl -log elaborate.log 
Using 8 slave threads.
Starting static elaboration
Completed static elaboration
Starting simulation data flow analysis
Completed simulation data flow analysis
INFO: [XSIM 43-3451] SDF backannotation process started with SDF file "tb_top_time_impl.sdf", for root module "tb_top/uut".
INFO: [XSIM 43-3452] SDF backannotation was successful for SDF file "tb_top_time_impl.sdf", for root module "tb_top/uut".
Time Resolution for simulation is 1ps
Compiling package std.standard
Compiling package std.textio
Compiling package ieee.std_logic_1164
Compiling package vl.vl_types
Compiling module xil_defaultlib.glbl
Compiling module simprims_ver.IBUF
Compiling module simprims_ver.OBUF
Compiling module simprims_ver.x_lut2_mux4
Compiling module simprims_ver.LUT2
Compiling module xil_defaultlib.top
Compiling architecture behavioral of entity xil_defaultlib.tb_top
Built simulation snapshot tb_top_time_impl
