
*** Running vivado
    with args -log blink.vds -m64 -product Vivado -mode batch -messageDb vivado.pb -notrace -source blink.tcl


****** Vivado v2018.3 (64-bit)
  **** SW Build 2405991 on Thu Dec  6 23:36:41 MST 2018
  **** IP Build 2404404 on Fri Dec  7 01:43:56 MST 2018
    ** Copyright 1986-2018 Xilinx, Inc. All Rights Reserved.

source blink.tcl -notrace
Command: synth_design -top blink -part xc7a100tcsg324-1
Starting synth_design
Attempting to get a license for feature 'Synthesis' and/or device 'xc7a100t'
INFO: [Common 17-349] Got license for feature 'Synthesis' and/or device 'xc7a100t'
INFO: Launching helper process for spawning children vivado processes
INFO: Helper process launched with PID 68701 
---------------------------------------------------------------------------------
Starting RTL Elaboration : Time (s): cpu = 00:00:01 ; elapsed = 00:00:02 . Memory (MB): peak = 1354.051 ; gain = 0.000 ; free physical = 177 ; free virtual = 3915
---------------------------------------------------------------------------------
INFO: [Synth 8-638] synthesizing module 'blink' [/home/aidin/Documents/University/Management_and_Analysis_of_Physics_Datasets/Laboratory/VHDL_Projects/counter/counter.srcs/sources_1/new/top.vhd:40]
INFO: [Synth 8-256] done synthesizing module 'blink' (1#1) [/home/aidin/Documents/University/Management_and_Analysis_of_Physics_Datasets/Laboratory/VHDL_Projects/counter/counter.srcs/sources_1/new/top.vhd:40]
---------------------------------------------------------------------------------
Finished RTL Elaboration : Time (s): cpu = 00:00:02 ; elapsed = 00:00:03 . Memory (MB): peak = 1369.445 ; gain = 15.395 ; free physical = 196 ; free virtual = 3928
---------------------------------------------------------------------------------

Report Check Netlist: 
+------+------------------+-------+---------+-------+------------------+
|      |Item              |Errors |Warnings |Status |Description       |
+------+------------------+-------+---------+-------+------------------+
|1     |multi_driven_nets |      0|        0|Passed |Multi driven nets |
+------+------------------+-------+---------+-------+------------------+
---------------------------------------------------------------------------------
Start Handling Custom Attributes
---------------------------------------------------------------------------------
---------------------------------------------------------------------------------
Finished Handling Custom Attributes : Time (s): cpu = 00:00:02 ; elapsed = 00:00:03 . Memory (MB): peak = 1369.445 ; gain = 15.395 ; free physical = 197 ; free virtual = 3928
---------------------------------------------------------------------------------
---------------------------------------------------------------------------------
Finished RTL Optimization Phase 1 : Time (s): cpu = 00:00:02 ; elapsed = 00:00:03 . Memory (MB): peak = 1369.445 ; gain = 15.395 ; free physical = 197 ; free virtual = 3928
---------------------------------------------------------------------------------
INFO: [Device 21-403] Loading part xc7a100tcsg324-1
INFO: [Project 1-570] Preparing netlist for logic optimization

Processing XDC Constraints
Initializing timing engine
Parsing XDC File [/home/aidin/Documents/University/Management_and_Analysis_of_Physics_Datasets/Laboratory/VHDL_Projects/counter/counter.srcs/constrs_1/new/mapping.xdc]
WARNING: [Vivado 12-4379] -period contains time 2500000000.000000 which cannot be represented in single precision floating point without rounding by more than 1 picosecond [/home/aidin/Documents/University/Management_and_Analysis_of_Physics_Datasets/Laboratory/VHDL_Projects/counter/counter.srcs/constrs_1/new/mapping.xdc:8]
WARNING: [Vivado 12-4379] -waveform contains time 1250000000.000000 which cannot be represented in single precision floating point without rounding by more than 1 picosecond [/home/aidin/Documents/University/Management_and_Analysis_of_Physics_Datasets/Laboratory/VHDL_Projects/counter/counter.srcs/constrs_1/new/mapping.xdc:8]
Finished Parsing XDC File [/home/aidin/Documents/University/Management_and_Analysis_of_Physics_Datasets/Laboratory/VHDL_Projects/counter/counter.srcs/constrs_1/new/mapping.xdc]
INFO: [Project 1-236] Implementation specific constraints were found while reading constraint file [/home/aidin/Documents/University/Management_and_Analysis_of_Physics_Datasets/Laboratory/VHDL_Projects/counter/counter.srcs/constrs_1/new/mapping.xdc]. These constraints will be ignored for synthesis but will be used in implementation. Impacted constraints are listed in the file [.Xil/blink_propImpl.xdc].
Resolution: To avoid this warning, move constraints listed in [.Xil/blink_propImpl.xdc] to another XDC file and exclude this new file from synthesis with the used_in_synthesis property (File Properties dialog in GUI) and re-run elaboration/synthesis.
Netlist sorting complete. Time (s): cpu = 00:00:00 ; elapsed = 00:00:00 . Memory (MB): peak = 1707.344 ; gain = 0.000 ; free physical = 131 ; free virtual = 3673
Completed Processing XDC Constraints

Netlist sorting complete. Time (s): cpu = 00:00:00 ; elapsed = 00:00:00 . Memory (MB): peak = 1707.344 ; gain = 0.000 ; free physical = 132 ; free virtual = 3673
INFO: [Project 1-111] Unisim Transformation Summary:
No Unisim elements were transformed.

Netlist sorting complete. Time (s): cpu = 00:00:00 ; elapsed = 00:00:00 . Memory (MB): peak = 1707.344 ; gain = 0.000 ; free physical = 132 ; free virtual = 3673
Constraint Validation Runtime : Time (s): cpu = 00:00:00 ; elapsed = 00:00:00.01 . Memory (MB): peak = 1707.344 ; gain = 0.000 ; free physical = 132 ; free virtual = 3673
---------------------------------------------------------------------------------
Finished Constraint Validation : Time (s): cpu = 00:00:07 ; elapsed = 00:00:09 . Memory (MB): peak = 1707.344 ; gain = 353.293 ; free physical = 206 ; free virtual = 3749
---------------------------------------------------------------------------------
---------------------------------------------------------------------------------
Start Loading Part and Timing Information
---------------------------------------------------------------------------------
Loading part: xc7a100tcsg324-1
---------------------------------------------------------------------------------
Finished Loading Part and Timing Information : Time (s): cpu = 00:00:07 ; elapsed = 00:00:09 . Memory (MB): peak = 1707.344 ; gain = 353.293 ; free physical = 206 ; free virtual = 3749
---------------------------------------------------------------------------------
---------------------------------------------------------------------------------
Start Applying 'set_property' XDC Constraints
---------------------------------------------------------------------------------
---------------------------------------------------------------------------------
Finished applying 'set_property' XDC Constraints : Time (s): cpu = 00:00:07 ; elapsed = 00:00:09 . Memory (MB): peak = 1707.344 ; gain = 353.293 ; free physical = 207 ; free virtual = 3750
---------------------------------------------------------------------------------
---------------------------------------------------------------------------------
Finished RTL Optimization Phase 2 : Time (s): cpu = 00:00:07 ; elapsed = 00:00:09 . Memory (MB): peak = 1707.344 ; gain = 353.293 ; free physical = 206 ; free virtual = 3750
---------------------------------------------------------------------------------

Report RTL Partitions: 
+-+--------------+------------+----------+
| |RTL Partition |Replication |Instances |
+-+--------------+------------+----------+
+-+--------------+------------+----------+
---------------------------------------------------------------------------------
Start RTL Component Statistics 
---------------------------------------------------------------------------------
Detailed RTL Component Info : 
---------------------------------------------------------------------------------
Finished RTL Component Statistics 
---------------------------------------------------------------------------------
---------------------------------------------------------------------------------
Start RTL Hierarchical Component Statistics 
---------------------------------------------------------------------------------
Hierarchical RTL Component report 
---------------------------------------------------------------------------------
Finished RTL Hierarchical Component Statistics
---------------------------------------------------------------------------------
---------------------------------------------------------------------------------
Start Part Resource Summary
---------------------------------------------------------------------------------
Part Resources:
DSPs: 240 (col length:80)
BRAMs: 270 (col length: RAMB18 80 RAMB36 40)
---------------------------------------------------------------------------------
Finished Part Resource Summary
---------------------------------------------------------------------------------
---------------------------------------------------------------------------------
Start Cross Boundary and Area Optimization
---------------------------------------------------------------------------------
Warning: Parallel synthesis criteria is not met 
---------------------------------------------------------------------------------
Finished Cross Boundary and Area Optimization : Time (s): cpu = 00:00:07 ; elapsed = 00:00:09 . Memory (MB): peak = 1707.344 ; gain = 353.293 ; free physical = 194 ; free virtual = 3740
---------------------------------------------------------------------------------

Report RTL Partitions: 
+-+--------------+------------+----------+
| |RTL Partition |Replication |Instances |
+-+--------------+------------+----------+
+-+--------------+------------+----------+
---------------------------------------------------------------------------------
Start Applying XDC Timing Constraints
---------------------------------------------------------------------------------
WARNING: [Synth 8-681] value '2500000000000.0ps' out of range, cropping to '214748368.0ps' [/home/aidin/Documents/University/Management_and_Analysis_of_Physics_Datasets/Laboratory/VHDL_Projects/counter/counter.srcs/constrs_1/new/mapping.xdc:8]
WARNING: [Synth 8-681] value '1250000000000.0ps' out of range, cropping to '214748368.0ps' [/home/aidin/Documents/University/Management_and_Analysis_of_Physics_Datasets/Laboratory/VHDL_Projects/counter/counter.srcs/constrs_1/new/mapping.xdc:8]
WARNING: [Synth 8-681] value '2500000000000.0ps' out of range, cropping to '214748368.0ps' [/home/aidin/Documents/University/Management_and_Analysis_of_Physics_Datasets/Laboratory/VHDL_Projects/counter/counter.srcs/constrs_1/new/mapping.xdc:8]
WARNING: [Synth 8-681] value '1250000000000.0ps' out of range, cropping to '214748368.0ps' [/home/aidin/Documents/University/Management_and_Analysis_of_Physics_Datasets/Laboratory/VHDL_Projects/counter/counter.srcs/constrs_1/new/mapping.xdc:8]
---------------------------------------------------------------------------------
Finished Applying XDC Timing Constraints : Time (s): cpu = 00:00:11 ; elapsed = 00:00:13 . Memory (MB): peak = 1707.344 ; gain = 353.293 ; free physical = 137 ; free virtual = 3621
---------------------------------------------------------------------------------
---------------------------------------------------------------------------------
Start Timing Optimization
---------------------------------------------------------------------------------
---------------------------------------------------------------------------------
Finished Timing Optimization : Time (s): cpu = 00:00:11 ; elapsed = 00:00:13 . Memory (MB): peak = 1707.344 ; gain = 353.293 ; free physical = 137 ; free virtual = 3621
---------------------------------------------------------------------------------

Report RTL Partitions: 
+-+--------------+------------+----------+
| |RTL Partition |Replication |Instances |
+-+--------------+------------+----------+
+-+--------------+------------+----------+
---------------------------------------------------------------------------------
Start Technology Mapping
---------------------------------------------------------------------------------
---------------------------------------------------------------------------------
Finished Technology Mapping : Time (s): cpu = 00:00:11 ; elapsed = 00:00:13 . Memory (MB): peak = 1707.344 ; gain = 353.293 ; free physical = 135 ; free virtual = 3620
---------------------------------------------------------------------------------

Report RTL Partitions: 
+-+--------------+------------+----------+
| |RTL Partition |Replication |Instances |
+-+--------------+------------+----------+
+-+--------------+------------+----------+
---------------------------------------------------------------------------------
Start IO Insertion
---------------------------------------------------------------------------------
---------------------------------------------------------------------------------
Start Flattening Before IO Insertion
---------------------------------------------------------------------------------
---------------------------------------------------------------------------------
Finished Flattening Before IO Insertion
---------------------------------------------------------------------------------
---------------------------------------------------------------------------------
Start Final Netlist Cleanup
---------------------------------------------------------------------------------
---------------------------------------------------------------------------------
Finished Final Netlist Cleanup
---------------------------------------------------------------------------------
---------------------------------------------------------------------------------
Finished IO Insertion : Time (s): cpu = 00:00:12 ; elapsed = 00:00:14 . Memory (MB): peak = 1707.344 ; gain = 353.293 ; free physical = 136 ; free virtual = 3620
---------------------------------------------------------------------------------

Report Check Netlist: 
+------+------------------+-------+---------+-------+------------------+
|      |Item              |Errors |Warnings |Status |Description       |
+------+------------------+-------+---------+-------+------------------+
|1     |multi_driven_nets |      0|        0|Passed |Multi driven nets |
+------+------------------+-------+---------+-------+------------------+
---------------------------------------------------------------------------------
Start Renaming Generated Instances
---------------------------------------------------------------------------------
---------------------------------------------------------------------------------
Finished Renaming Generated Instances : Time (s): cpu = 00:00:12 ; elapsed = 00:00:14 . Memory (MB): peak = 1707.344 ; gain = 353.293 ; free physical = 136 ; free virtual = 3620
---------------------------------------------------------------------------------

Report RTL Partitions: 
+-+--------------+------------+----------+
| |RTL Partition |Replication |Instances |
+-+--------------+------------+----------+
+-+--------------+------------+----------+
---------------------------------------------------------------------------------
Start Rebuilding User Hierarchy
---------------------------------------------------------------------------------
---------------------------------------------------------------------------------
Finished Rebuilding User Hierarchy : Time (s): cpu = 00:00:12 ; elapsed = 00:00:14 . Memory (MB): peak = 1707.344 ; gain = 353.293 ; free physical = 136 ; free virtual = 3620
---------------------------------------------------------------------------------
---------------------------------------------------------------------------------
Start Renaming Generated Ports
---------------------------------------------------------------------------------
---------------------------------------------------------------------------------
Finished Renaming Generated Ports : Time (s): cpu = 00:00:12 ; elapsed = 00:00:14 . Memory (MB): peak = 1707.344 ; gain = 353.293 ; free physical = 136 ; free virtual = 3620
---------------------------------------------------------------------------------
---------------------------------------------------------------------------------
Start Handling Custom Attributes
---------------------------------------------------------------------------------
---------------------------------------------------------------------------------
Finished Handling Custom Attributes : Time (s): cpu = 00:00:12 ; elapsed = 00:00:14 . Memory (MB): peak = 1707.344 ; gain = 353.293 ; free physical = 136 ; free virtual = 3620
---------------------------------------------------------------------------------
---------------------------------------------------------------------------------
Start Renaming Generated Nets
---------------------------------------------------------------------------------
---------------------------------------------------------------------------------
Finished Renaming Generated Nets : Time (s): cpu = 00:00:12 ; elapsed = 00:00:14 . Memory (MB): peak = 1707.344 ; gain = 353.293 ; free physical = 136 ; free virtual = 3620
---------------------------------------------------------------------------------
---------------------------------------------------------------------------------
Start Writing Synthesis Report
---------------------------------------------------------------------------------

Report BlackBoxes: 
+-+--------------+----------+
| |BlackBox name |Instances |
+-+--------------+----------+
+-+--------------+----------+

Report Cell Usage: 
+------+-------+------+
|      |Cell   |Count |
+------+-------+------+
|1     |BUFG   |     1|
|2     |CARRY4 |     7|
|3     |LUT1   |     1|
|4     |FDCE   |    27|
|5     |IBUF   |     2|
|6     |OBUF   |     1|
+------+-------+------+

Report Instance Areas: 
+------+---------+-------+------+
|      |Instance |Module |Cells |
+------+---------+-------+------+
|1     |top      |       |    39|
+------+---------+-------+------+
---------------------------------------------------------------------------------
Finished Writing Synthesis Report : Time (s): cpu = 00:00:12 ; elapsed = 00:00:14 . Memory (MB): peak = 1707.344 ; gain = 353.293 ; free physical = 136 ; free virtual = 3620
---------------------------------------------------------------------------------
Synthesis finished with 0 errors, 0 critical warnings and 4 warnings.
Synthesis Optimization Runtime : Time (s): cpu = 00:00:09 ; elapsed = 00:00:10 . Memory (MB): peak = 1707.344 ; gain = 15.395 ; free physical = 188 ; free virtual = 3672
Synthesis Optimization Complete : Time (s): cpu = 00:00:12 ; elapsed = 00:00:14 . Memory (MB): peak = 1707.344 ; gain = 353.293 ; free physical = 188 ; free virtual = 3672
INFO: [Project 1-571] Translating synthesized netlist
INFO: [Netlist 29-17] Analyzing 7 Unisim elements for replacement
INFO: [Netlist 29-28] Unisim Transformation completed in 0 CPU seconds
INFO: [Project 1-570] Preparing netlist for logic optimization
INFO: [Opt 31-138] Pushed 0 inverter(s) to 0 load pin(s).
Netlist sorting complete. Time (s): cpu = 00:00:00 ; elapsed = 00:00:00 . Memory (MB): peak = 1707.344 ; gain = 0.000 ; free physical = 137 ; free virtual = 3615
INFO: [Project 1-111] Unisim Transformation Summary:
No Unisim elements were transformed.

INFO: [Common 17-83] Releasing license: Synthesis
14 Infos, 6 Warnings, 0 Critical Warnings and 0 Errors encountered.
synth_design completed successfully
synth_design: Time (s): cpu = 00:00:13 ; elapsed = 00:00:15 . Memory (MB): peak = 1707.344 ; gain = 353.398 ; free physical = 185 ; free virtual = 3663
Netlist sorting complete. Time (s): cpu = 00:00:00 ; elapsed = 00:00:00 . Memory (MB): peak = 1707.344 ; gain = 0.000 ; free physical = 185 ; free virtual = 3663
WARNING: [Constraints 18-5210] No constraints selected for write.
Resolution: This message can indicate that there are no constraints for the design, or it can indicate that the used_in flags are set such that the constraints are ignored. This later case is used when running synth_design to not write synthesis constraints to the resulting checkpoint. Instead, project constraints are read when the synthesized design is opened.
INFO: [Common 17-1381] The checkpoint '/home/aidin/Documents/University/Management_and_Analysis_of_Physics_Datasets/Laboratory/VHDL_Projects/counter/counter.runs/synth_1/blink.dcp' has been generated.
INFO: [runtcl-4] Executing : report_utilization -file blink_utilization_synth.rpt -pb blink_utilization_synth.pb
INFO: [Common 17-206] Exiting Vivado at Wed Nov 17 13:54:42 2021...
