INFO: [VRFC 10-163] Analyzing VHDL file "/home/aidin/Documents/University/Management_and_Analysis_of_Physics_Datasets/Laboratory/VHDL_Projects/counter/counter.srcs/sim_1/new/tb_blink.vhd" into library xil_defaultlib
INFO: [VRFC 10-3107] analyzing entity 'tb_cmb_clk'
INFO: [VRFC 10-163] Analyzing VHDL file "/home/aidin/Documents/University/Management_and_Analysis_of_Physics_Datasets/Laboratory/VHDL_Projects/counter/counter.srcs/sim_1/new/tb_blink.vhd" into library xil_defaultlib
INFO: [VRFC 10-3107] analyzing entity 'tb_cmb_clk'
ERROR: [VRFC 10-2989] 'x' is not declared [/home/aidin/Documents/University/Management_and_Analysis_of_Physics_Datasets/Laboratory/VHDL_Projects/counter/counter.srcs/sim_1/new/tb_blink.vhd:52]
ERROR: [VRFC 10-3095] actual of formal out port 'x_out' cannot be an expression [/home/aidin/Documents/University/Management_and_Analysis_of_Physics_Datasets/Laboratory/VHDL_Projects/counter/counter.srcs/sim_1/new/tb_blink.vhd:52]
ERROR: [VRFC 10-3782] unit 'behavioral' ignored due to previous errors [/home/aidin/Documents/University/Management_and_Analysis_of_Physics_Datasets/Laboratory/VHDL_Projects/counter/counter.srcs/sim_1/new/tb_blink.vhd:38]
INFO: [VRFC 10-3070] VHDL file '/home/aidin/Documents/University/Management_and_Analysis_of_Physics_Datasets/Laboratory/VHDL_Projects/counter/counter.srcs/sim_1/new/tb_blink.vhd' ignored due to errors
INFO: [VRFC 10-163] Analyzing VHDL file "/home/aidin/Documents/University/Management_and_Analysis_of_Physics_Datasets/Laboratory/VHDL_Projects/counter/counter.srcs/sim_1/new/tb_blink.vhd" into library xil_defaultlib
INFO: [VRFC 10-3107] analyzing entity 'tb_cmb_clk'
INFO: [VRFC 10-163] Analyzing VHDL file "/home/aidin/Documents/University/Management_and_Analysis_of_Physics_Datasets/Laboratory/VHDL_Projects/counter/counter.srcs/sources_1/new/top.vhd" into library xil_defaultlib
INFO: [VRFC 10-3107] analyzing entity 'blink'
INFO: [VRFC 10-163] Analyzing VHDL file "/home/aidin/Documents/University/Management_and_Analysis_of_Physics_Datasets/Laboratory/VHDL_Projects/counter/counter.srcs/sim_1/new/tb_blink.vhd" into library xil_defaultlib
INFO: [VRFC 10-3107] analyzing entity 'tb_blink'
INFO: [VRFC 10-163] Analyzing VHDL file "/home/aidin/Documents/University/Management_and_Analysis_of_Physics_Datasets/Laboratory/VHDL_Projects/counter/counter.srcs/sources_1/new/top.vhd" into library xil_defaultlib
INFO: [VRFC 10-3107] analyzing entity 'blink'
INFO: [VRFC 10-163] Analyzing VHDL file "/home/aidin/Documents/University/Management_and_Analysis_of_Physics_Datasets/Laboratory/VHDL_Projects/counter/counter.srcs/sources_1/new/top.vhd" into library xil_defaultlib
INFO: [VRFC 10-3107] analyzing entity 'blink'
INFO: [VRFC 10-163] Analyzing VHDL file "/home/aidin/Documents/University/Management_and_Analysis_of_Physics_Datasets/Laboratory/VHDL_Projects/counter/counter.srcs/sources_1/new/top.vhd" into library xil_defaultlib
INFO: [VRFC 10-3107] analyzing entity 'blink'
